2024-07-27 21:49:01,158 Log_ID: [1] INFO __init__.py : Product ID: (8) has been deleted from product_inventory database
2024-07-27 21:51:52,503 Log_ID: [1] INFO __init__.py : Product ID: (12) has been deleted from product_inventory database
2024-07-27 21:51:52,503 Log_ID: [2] WARNING __init__.py : Attempted to delete non-existent Product ID: (12)
2024-07-27 22:05:05,081 Log_ID: [1] INFO __init__.py : Product ID: (1) has been created and added to product_inventory database
2024-07-27 22:05:59,308 Log_ID: [1] INFO __init__.py : Product ID: (2) has been created and added to product_inventory database
2024-07-28 15:37:56,820 Log_ID: [1] INFO __init__.py : Product ID: (8) has been created and added to product_inventory database
2024-07-28 15:39:27,277 Log_ID: [1] INFO __init__.py : Product ID: (12) has been created and added to product_inventory database
2024-07-28 15:54:35,699 Log_ID: [1] INFO __init__.py : Product ID: (200) has been created and added to product_inventory database
2024-07-28 15:56:20,960 Log_ID: [1] INFO __init__.py : Product ID: (201) has been created and added to product_inventory database
2024-07-28 15:58:20,635 Log_ID: [1] INFO __init__.py : Product ID: (204) has been created and added to product_inventory database
2024-07-28 16:03:47,919 Log_ID: [1] INFO __init__.py : Product ID: (218) has been created and added to product_inventory database
2024-07-28 16:37:46,701 Log_ID: [1] INFO __init__.py : Product ID: (272) has been created and added to product_inventory database
2024-07-28 16:38:54,517 Log_ID: [1] INFO __init__.py : Product ID: (279) has been created and added to product_inventory database
2024-07-28 17:02:38,189 Log_ID: [1] INFO __init__.py : Product ID: (280) has been created and added to product_inventory database
2024-07-28 17:08:20,748 Log_ID: [1] INFO __init__.py : Product ID: (281) has been created and added to product_inventory database
2024-07-28 17:13:07,904 Log_ID: [1] INFO __init__.py : Product ID: (312) has been created and added to product_inventory database
2024-07-28 18:03:51,474 Log_ID: [1] INFO __init__.py : Product ID: (355) has been created and added to product_inventory database
2024-07-28 18:11:59,115 Log_ID: [1] INFO __init__.py : Status: Safe | Results {'malicious': 0, 'suspicious': 0, 'undetected': 61, 'harmless': 0, 'timeout': 2, 'confirmed-timeout': 0, 'failure': 1, 'type-unsupported': 15} | Product Image has been Uploaded
2024-07-28 18:11:59,239 Log_ID: [2] INFO __init__.py : Product ID: (360) has been created and added to product_inventory database
2024-07-28 18:19:05,032 Log_ID: [1] INFO __init__.py : Status: Safe | Results {'malicious': 0, 'suspicious': 0, 'undetected': 64, 'harmless': 0, 'timeout': 0, 'confirmed-timeout': 0, 'failure': 0, 'type-unsupported': 15} | Product Image has been Uploaded
2024-07-28 18:19:05,148 Log_ID: [2] INFO __init__.py : Product ID: (362) has been created and added to product_inventory database
2024-07-28 18:28:00,996 Log_ID: [1] INFO __init__.py : Status: Safe | Results {'malicious': 0, 'suspicious': 0, 'undetected': 64, 'harmless': 0, 'timeout': 0, 'confirmed-timeout': 0, 'failure': 0, 'type-unsupported': 15} | Product Image has been Uploaded
2024-07-28 18:28:01,114 Log_ID: [2] INFO __init__.py : Product ID: (364) has been created and added to product_inventory database
2024-07-28 18:31:34,342 Log_ID: [1] INFO __init__.py : Status: Safe | Results {'malicious': 0, 'suspicious': 0, 'undetected': 64, 'harmless': 0, 'timeout': 0, 'confirmed-timeout': 0, 'failure': 0, 'type-unsupported': 15} | Product Image has been Uploaded
2024-07-28 18:31:34,463 Log_ID: [2] INFO __init__.py : Product ID: (365) has been created and added to product_inventory database
2024-07-28 18:46:09,929 Log_ID: [1] INFO __init__.py : Status: Safe | Results {'malicious': 0, 'suspicious': 0, 'undetected': 60, 'harmless': 0, 'timeout': 4, 'confirmed-timeout': 0, 'failure': 0, 'type-unsupported': 15} | Product Image has been Uploaded
2024-07-28 18:46:10,049 Log_ID: [2] INFO __init__.py : Product ID: (378) has been created and added to product_inventory database
2024-07-28 18:49:51,153 Log_ID: [1] INFO __init__.py : Status: Safe | Results {'malicious': 0, 'suspicious': 0, 'undetected': 60, 'harmless': 0, 'timeout': 4, 'confirmed-timeout': 0, 'failure': 0, 'type-unsupported': 15} | Product Image has been Uploaded
2024-07-28 18:49:51,281 Log_ID: [2] INFO __init__.py : Product ID: (393) has been created and added to product_inventory database
2024-07-28 18:51:24,429 Log_ID: [1] INFO __init__.py : Status: Safe | Results {'malicious': 0, 'suspicious': 0, 'undetected': 60, 'harmless': 0, 'timeout': 4, 'confirmed-timeout': 0, 'failure': 0, 'type-unsupported': 15} | Product Image has been Uploaded
2024-07-28 18:51:24,553 Log_ID: [2] INFO __init__.py : Product ID: (395) has been created and added to product_inventory database
2024-07-28 18:55:03,434 Log_ID: [1] INFO __init__.py : Status: Safe | Results {'malicious': 0, 'suspicious': 0, 'undetected': 60, 'harmless': 0, 'timeout': 4, 'confirmed-timeout': 0, 'failure': 0, 'type-unsupported': 15} | Product Image has been Uploaded
2024-07-28 18:55:03,564 Log_ID: [2] INFO __init__.py : Product ID: (398) has been created and added to product_inventory database
2024-07-28 19:00:33,761 Log_ID: [1] INFO __init__.py : Product ID: (398) has been updated in the product_inventory database
2024-07-28 19:13:50,706 Log_ID: [1] INFO __init__.py : Status: Safe | Results {'malicious': 0, 'suspicious': 0, 'undetected': 54, 'harmless': 0, 'timeout': 10, 'confirmed-timeout': 0, 'failure': 0, 'type-unsupported': 15} | Product Image has been added to product_inventory database
2024-07-28 19:13:50,839 Log_ID: [2] INFO __init__.py : Product ID: (408) has been created and added to product_inventory database
2024-07-28 19:18:38,099 Log_ID: [1] INFO __init__.py : Product ID: (408) has been updated in the product_inventory database
2024-07-28 19:18:47,992 Log_ID: [2] INFO __init__.py : Product ID: (408) has been updated in the product_inventory database
2024-07-28 19:24:40,315 Log_ID: [3] INFO __init__.py : Status: Safe | Results {'malicious': 0, 'suspicious': 0, 'undetected': 57, 'harmless': 0, 'timeout': 6, 'confirmed-timeout': 0, 'failure': 0, 'type-unsupported': 15} | Product Image has been added to product_inventory database
2024-07-28 19:24:40,315 Log_ID: [4] INFO __init__.py : Product ID: (408) has been updated in the product_inventory database
2024-07-28 22:34:18,506 Log_ID: [1] CRITICAL __init__.py : Critical security alert! Attempt to drop database detected from IP: {ip}
2024-07-28 22:35:06,964 Log_ID: [1] CRITICAL __init__.py : Critical security alert! Attempt to drop database detected from IP: {ip}
2024-07-28 22:36:15,199 Log_ID: [1] CRITICAL __init__.py : Critical security alert! Attempt to drop database detected from IP: {ip}
2024-07-28 22:51:31,019 Log_ID: [1] CRITICAL __init__.py : Status: Potentially Malicious | Results {'malicious': 6, 'suspicious': 0, 'undetected': 58, 'harmless': 0, 'timeout': 0, 'confirmed-timeout': 0, 'failure': 0, 'type-unsupported': 15} | Product Image has been identified as malicious and andrew has not been added to the product_inventory database
2024-07-28 22:52:52,446 Log_ID: [1] CRITICAL __init__.py : Status: Potentially Malicious | Results {'malicious': 6, 'suspicious': 0, 'undetected': 58, 'harmless': 0, 'timeout': 0, 'confirmed-timeout': 0, 'failure': 0, 'type-unsupported': 15} | Product Image has been identified as malicious and xavier has not been added to the product_inventory database
2024-07-28 22:56:04,854 Log_ID: [1] CRITICAL __init__.py : Status: Potentially Malicious | Results {'malicious': 6, 'suspicious': 0, 'undetected': 58, 'harmless': 0, 'timeout': 0, 'confirmed-timeout': 0, 'failure': 0, 'type-unsupported': 15} | Product Image has been identified as malicious and xavier has not been added to the product_inventory database
2024-07-28 22:58:14,674 Log_ID: [2] CRITICAL __init__.py : Status: Potentially Malicious | Results {'malicious': 6, 'suspicious': 0, 'undetected': 58, 'harmless': 0, 'timeout': 0, 'confirmed-timeout': 0, 'failure': 0, 'type-unsupported': 15} | Product Image has been identified as malicious and kenzie has not been added to the product_inventory database
2024-07-28 22:58:51,995 Log_ID: [3] CRITICAL __init__.py : Status: Potentially Malicious | Results {'malicious': 6, 'suspicious': 0, 'undetected': 58, 'harmless': 0, 'timeout': 0, 'confirmed-timeout': 0, 'failure': 0, 'type-unsupported': 15} | Product Image has been identified as malicious and kenzie has not been added to the product_inventory database
2024-07-28 23:12:45,507 Log_ID: [1] CRITICAL __init__.py : Status: Potentially Malicious | Results {'malicious': 6, 'suspicious': 0, 'undetected': 58, 'harmless': 0, 'timeout': 0, 'confirmed-timeout': 0, 'failure': 0, 'type-unsupported': 15} | Product Image has been identified as malicious and kenzie has not been added to the product_inventory database
2024-07-28 23:15:21,175 Log_ID: [2] CRITICAL __init__.py : Status: Potentially Malicious | Results {'malicious': 6, 'suspicious': 0, 'undetected': 58, 'harmless': 0, 'timeout': 0, 'confirmed-timeout': 0, 'failure': 0, 'type-unsupported': 15} | Product Image has been identified as malicious and kenzie has not been added to the product_inventory database
2024-07-28 23:16:00,536 Log_ID: [3] CRITICAL __init__.py : Status: Potentially Malicious | Results {'malicious': 6, 'suspicious': 0, 'undetected': 58, 'harmless': 0, 'timeout': 0, 'confirmed-timeout': 0, 'failure': 0, 'type-unsupported': 15} | Product Image has been identified as malicious and kenzie has not been added to the product_inventory database
2024-07-28 23:16:38,640 Log_ID: [4] CRITICAL __init__.py : Status: Potentially Malicious | Results {'malicious': 6, 'suspicious': 0, 'undetected': 58, 'harmless': 0, 'timeout': 0, 'confirmed-timeout': 0, 'failure': 0, 'type-unsupported': 15} | Product Image has been identified as malicious and kenzie has not been added to the product_inventory database
2024-07-28 23:17:11,896 Log_ID: [5] CRITICAL __init__.py : Status: Potentially Malicious | Results {'malicious': 6, 'suspicious': 0, 'undetected': 58, 'harmless': 0, 'timeout': 0, 'confirmed-timeout': 0, 'failure': 0, 'type-unsupported': 15} | Product Image has been identified as malicious and kenzie has not been added to the product_inventory database
2024-07-28 23:20:19,297 Log_ID: [6] CRITICAL __init__.py : Status: Potentially Malicious | Results {'malicious': 6, 'suspicious': 0, 'undetected': 58, 'harmless': 0, 'timeout': 0, 'confirmed-timeout': 0, 'failure': 0, 'type-unsupported': 15} | Product Image has been identified as malicious and kenzei has not been added to the product_inventory database
2024-07-28 23:21:19,446 Log_ID: [7] CRITICAL __init__.py : Status: Potentially Malicious | Results {'malicious': 6, 'suspicious': 0, 'undetected': 58, 'harmless': 0, 'timeout': 0, 'confirmed-timeout': 0, 'failure': 0, 'type-unsupported': 15} | Product Image has been identified as malicious and kenzie has not been added to the product_inventory database
2024-07-28 23:22:38,905 Log_ID: [8] CRITICAL __init__.py : Status: Potentially Malicious | Results {'malicious': 5, 'suspicious': 0, 'undetected': 60, 'harmless': 0, 'timeout': 0, 'confirmed-timeout': 0, 'failure': 0, 'type-unsupported': 14} | Product Image has been identified as malicious and kenzie has not been added to the product_inventory database
2024-07-28 23:38:04,943 Log_ID: [1] CRITICAL __init__.py : Status: Potentially Malicious | Results {'malicious': 6, 'suspicious': 0, 'undetected': 58, 'harmless': 0, 'timeout': 0, 'confirmed-timeout': 0, 'failure': 0, 'type-unsupported': 15} | Product Image has been identified as malicious and dwadwadwadwa has not been added to the product_inventory database
2024-07-30 23:44:12,359 Log_ID: [1] INFO __init__.py : Status: Safe | Results {'malicious': 0, 'suspicious': 0, 'undetected': 64, 'harmless': 0, 'timeout': 0, 'confirmed-timeout': 0, 'failure': 0, 'type-unsupported': 15} | Product Image has been added to product_inventory database
