2024-07-31 05:41:41,791 Log_ID: [3] INFO __init__.py : Status: succeeded | Transaction ID: pi_3PiNndAnVKG20ORq0efk16Rn | Customer ID: cus_QZWn10eN7bKYgB | Total: 2500 | Order Details: {
  "1": "{(4, 'Dwawwwww', 400)}",
  "2": "{(1, 'Wwdad', 400)}"
}
2024-07-31 05:44:59,948 Log_ID: [1] INFO __init__.py : Status: succeeded | Transaction ID: pi_3PiNqpAnVKG20ORq1xiTqGw5 | Customer ID: cus_QZWn10eN7bKYgB | Total: 900 | Order Details: {
  "2": "{(1, 'Wwdad', 400)}"
}
2024-07-31 05:48:49,684 Log_ID: [1] INFO __init__.py : Status: succeeded | Transaction ID: pi_3PiNuXAnVKG20ORq13uPE7fu | Customer ID: cus_QZ5pJ6qClcOmNb | Total: 1300 | Order Details: {
  "1": "{(1, 'Dwawwwww', 400)}",
  "2": "{(1, 'Wwdad', 400)}"
}
2024-07-31 05:49:19,327 Log_ID: [2] INFO __init__.py : Status: succeeded | Transaction ID: pi_3PiNv0AnVKG20ORq0zIJUQoT | Customer ID: cus_QZ5pJ6qClcOmNb | Total: 900 | Order Details: {
  "1": "{(1, 'Dwawwwww', 400)}"
}
2024-07-31 05:50:55,048 Log_ID: [1] INFO __init__.py : Status: succeeded | Transaction ID: pi_3PiNwYAnVKG20ORq1Pv2d2A4 | Customer ID: cus_QZ5pJ6qClcOmNb | Total: 1690 | Order Details: {
  "2": "{(1, 'Wwdad', 400)}",
  "3": "{(1, 'Singlong love letter', 790)}"
}
2024-07-31 05:52:38,286 Log_ID: [2] INFO __init__.py : Status: succeeded | Transaction ID: pi_3PiNyDAnVKG20ORq1DSKACqu | Customer ID: cus_QZWn10eN7bKYgB | Total: 1690 | Order Details: {
  "2": "{(1, 'Wwdad', 400)}",
  "3": "{(1, 'Singlong love letter', 790)}"
}
2024-07-31 06:10:09,245 Log_ID: [2] INFO __init__.py : Status: succeeded | Transaction ID: pi_3PiOFAAnVKG20ORq0QX3P5H2 | Customer ID: cus_QZWn10eN7bKYgB | Total: 10500 | Order Details: {
  "1": "{(1, 'Air max 90 lvl8', 7000)}",
  "2": "{(1, 'Air t shirt', 3000)}"
}
2024-07-31 06:16:44,540 Log_ID: [4] INFO __init__.py : Status: succeeded | Transaction ID: pi_3PiOLYAnVKG20ORq0uq7tbyq | Customer ID: cus_QZMEQigoYNzTUS | Total: 29477 | Order Details: {
  "2": "{(3, 'Air t shirt', 3000)}",
  "9": "{(3, 'Nike dunk high by you shoes', 6659)}"
}
2024-07-31 06:19:06,946 Log_ID: [5] INFO __init__.py : Status: succeeded | Transaction ID: pi_3PiONqAnVKG20ORq0yI8vyMV | Customer ID: cus_QZMEQigoYNzTUS | Total: 20500 | Order Details: {
  "1": "{(2, 'Air max 90 lvl8', 7000)}",
  "2": "{(2, 'Air t shirt', 3000)}"
}
2024-07-31 07:15:17,158 Log_ID: [1] INFO __init__.py : Status: succeeded | Transaction ID: pi_3PiPFiAnVKG20ORq1BXTKOiS | Customer ID: cus_QZMEQigoYNzTUS | Total: 30500 | Order Details: {
  "1": "{(3, 'Air max 90 lvl8', 7000)}",
  "2": "{(3, 'Air t shirt', 3000)}"
}
2024-08-01 13:17:44,745 Log_ID: [2] INFO __init__.py : Status: succeeded | Transaction ID: pi_3PirO1AnVKG20ORq0PiLI921 | Customer ID: cus_QZMEQigoYNzTUS | Total: 3500 | Order Details: {
  "2": "{(1, 'Air t shirt', 3000)}"
}
2024-08-11 17:25:16,230 Log_ID: [1] INFO __init__.py : Status: succeeded | Transaction ID: pi_3PmY1XAnVKG20ORq1TVSUrt7 | Customer ID: cus_QZMEQigoYNzTUS | Total: 15500 | Order Details: {
  "2": "{(5, 'Air t shirt', 3000)}"
}
2024-08-11 20:27:51,442 Log_ID: [1] INFO __init__.py : Status: succeeded | Transaction ID: pi_3PmasFAnVKG20ORq1mIWJssD | Customer ID: cus_QZMEQigoYNzTUS | Total: 3500 | Order Details: {
  "2": "{(1, 'Air t shirt', 3000)}"
}
2024-08-11 20:28:25,462 Log_ID: [2] INFO __init__.py : Status: succeeded | Transaction ID: pi_3PmasnAnVKG20ORq0vnZaTpT | Customer ID: cus_QZMEQigoYNzTUS | Total: 6050 | Order Details: {
  "6": "{(1, 'Solo swoosh short sleeve heavyweight top', 5550)}"
}
2024-08-11 20:43:03,078 Log_ID: [2] INFO __init__.py : Status: succeeded | Transaction ID: pi_3Pmb6xAnVKG20ORq15H2y19I | Customer ID: cus_QZMEQigoYNzTUS | Total: 30500 | Order Details: {
  "2": "{(10, 'Air t shirt', 3000)}"
}
2024-08-12 03:09:55,604 Log_ID: [2] INFO __init__.py : Status: succeeded | Transaction ID: pi_3Pmh9MAnVKG20ORq0rF4W9hm | Customer ID: cus_QZMEQigoYNzTUS | Total: $285.00 | Order Details: {
  "1": "{(4, 'Air max 90 lvl8', 7000)}"
}
2024-08-12 03:41:39,540 Log_ID: [4] INFO __init__.py : Status: succeeded | Transaction ID: pi_3PmhdVAnVKG20ORq1r5YLPAG | Customer ID: cus_Qa6AnuiUnoLhAr | Total: $155.00 | Order Details: {
  "2": "{(5, 'Air t shirt', 3000)}"
}
2024-08-12 03:48:39,016 Log_ID: [2] INFO __init__.py : Status: succeeded | Transaction ID: pi_3PmhkGAnVKG20ORq1QXKDvtD | Customer ID: cus_QZMEQigoYNzTUS | Total: $1208.75 | Order Details: {
  "4": "{(15, 'Custom nike air force 1 mid by you shoes', 8025)}"
}
2024-08-13 00:29:45,480 Log_ID: [11] ERROR __init__.py : Error Code: card_declined | Status: requires_payment_method | Transaction ID: pi_3Pn17JAnVKG20ORq0704TAUo | Customer ID: cus_QeJkLoKLUB8V1C | Customer Email: leezhengjie05@gmail.com Total: $155.00 | Status: requires_payment_method | Order Details: {
  "2": "{(5, 'Air t shirt', 3000)}"
}
2024-08-13 00:32:15,841 Log_ID: [1] INFO __init__.py : Status: succeeded | Transaction ID: pi_3Pn19kAnVKG20ORq0525BbjA | Customer ID: cus_QeJksa2nNMDNO7 | Total: $155.00 | Order Details: {
  "2": "{(5, 'Air t shirt', 3000)}"
}
2024-08-13 14:36:16,762 Log_ID: [1] INFO __init__.py : Status: succeeded | Transaction ID: pi_3PnEKYAnVKG20ORq1nKZQZSL | Customer ID: cus_QeXKTUg5RzaviQ | Total: $215.00 | Order Details: {
  "1": "{(3, 'Air max 90 lvl8', 7000)}"
}
2024-08-13 15:39:06,114 Log_ID: [9] ERROR __init__.py : Error Code: card_declined | Status: requires_payment_method | Transaction ID: pi_3PnFJLAnVKG20ORq0RXCdD83 | Customer ID: cus_QeYPpH5RrEKGWT | Customer Email: leezhengjie05@gmail.com Total: $35.00 | Status: requires_payment_method | Order Details: {
  "2": "{(1, 'Air t shirt', 3000)}"
}
2024-08-13 16:36:29,473 Log_ID: [4] ERROR __init__.py : Error Code: card_declined | Status: requires_payment_method | Transaction ID: pi_3PnGCtAnVKG20ORq0F0DR40J | Customer ID: cus_QeZJHR2gPTtv8m | Customer Email: leezhengjie05@gmail.com Total: $285.00 | Status: requires_payment_method | Order Details: {
  "1": "{(4, 'Air max 90 lvl8', 7000)}"
}
2024-08-13 16:37:00,831 Log_ID: [5] INFO __init__.py : Status: succeeded | Transaction ID: pi_3PnGDNAnVKG20ORq1KTTNkG2 | Customer ID: cus_QeZI07JvjAhEiz | Total: $285.00 | Order Details: {
  "1": "{(4, 'Air max 90 lvl8', 7000)}"
}
2024-08-16 06:48:45,060 Log_ID: [6] INFO __init__.py : Status: succeeded | Transaction ID: pi_3PoCSjAnVKG20ORq1KUw6D7L | Customer ID: cus_QfXXXUHeHhVW3q | Total: $285.00 | Order Details: {
  "1": "{(4, 'Air max 90 lvl8', 7000)}"
}
2024-08-16 06:49:25,566 Log_ID: [7] INFO __init__.py : Status: succeeded | Transaction ID: pi_3PoCTOAnVKG20ORq1hiWPxWh | Customer ID: cus_QfXXXUHeHhVW3q | Total: $104.00 | Order Details: {
  "8": "{(3, 'Sportswear premium essentials mens t shirt', 3300)}"
}
2024-08-16 10:51:08,758 Log_ID: [4] INFO __init__.py : Status: succeeded | Transaction ID: pi_3PoGFJAnVKG20ORq14f2NxnW | Customer ID: cus_QfbL2F9p6We0hr | Total: $35.00 | Order Details: {
  "2": "{(1, 'Air t shirt', 3000)}"
}
2024-08-16 11:36:38,726 Log_ID: [11] INFO __init__.py : Status: succeeded | Transaction ID: pi_3PoGxLAnVKG20ORq0drbmpBp | Customer ID: cus_Qfc8HxfLm9k7Dh | Total: $5.00 | Order Details: {}
2024-12-31 16:15:58,188 Log_ID: [3] INFO __init__.py : Status: succeeded | Transaction ID: pi_3Qc0cKAnVKG20ORq1U6Yb5pd | Customer ID: cus_Qfc8HxfLm9k7Dh | Total: $75.00 | Order Details: {
  "1": "{(1, 'Air max 90 lvl8', 7000)}"
}
2024-12-31 16:31:37,316 Log_ID: [12] INFO __init__.py : Status: succeeded | Transaction ID: pi_3Qc0rTAnVKG20ORq13dUum5k | Customer ID: cus_RV0sZOXEGzgqCC | Total: $60.50 | Order Details: {
  "6": "{(1, 'Solo swoosh short sleeve heavyweight top', 5550)}"
}
