2024-07-31 02:35:31,154 Log_ID: [1] INFO __init__.py : Status: Safe | Results {'malicious': 0, 'suspicious': 0, 'undetected': 62, 'harmless': 0, 'timeout': 2, 'confirmed-timeout': 0, 'failure': 0, 'type-unsupported': 15} | Product Image has been added to product_inventory database
2024-07-31 02:35:31,155 Log_ID: [2] INFO __init__.py : Product ID: (269) has been updated in the product_inventory database
2024-07-31 02:50:46,836 Log_ID: [1] INFO __init__.py : Status: Safe | Results {'malicious': 0, 'suspicious': 0, 'undetected': 64, 'harmless': 0, 'timeout': 0, 'confirmed-timeout': 0, 'failure': 0, 'type-unsupported': 15} | Product Image has been added to product_inventory database
2024-07-31 02:50:46,837 Log_ID: [2] INFO __init__.py : Product ID: (270) has been updated in the product_inventory database
2024-07-31 03:12:39,753 Log_ID: [1] INFO __init__.py : Product ID: (1) has been updated in the product_inventory database
2024-07-31 03:13:22,343 Log_ID: [2] INFO __init__.py : Product ID: (1) has been updated in the product_inventory database
2024-07-31 03:16:30,811 Log_ID: [1] INFO __init__.py : Product ID: (1) has been updated in the product_inventory database
2024-07-31 03:17:44,461 Log_ID: [1] INFO __init__.py : Product ID: (1) has been updated in the product_inventory database
2024-07-31 03:19:06,182 Log_ID: [1] INFO __init__.py : Product ID: (2) has been updated in the product_inventory database
2024-07-31 03:20:21,198 Log_ID: [2] INFO __init__.py : Product ID: (3) has been updated in the product_inventory database
2024-07-31 03:20:51,923 Log_ID: [3] INFO __init__.py : Product ID: (4) has been updated in the product_inventory database
2024-07-31 03:21:21,285 Log_ID: [4] INFO __init__.py : Product ID: (5) has been updated in the product_inventory database
2024-07-31 03:21:53,391 Log_ID: [5] INFO __init__.py : Product ID: (6) has been updated in the product_inventory database
2024-07-31 03:22:22,137 Log_ID: [6] INFO __init__.py : Product ID: (7) has been updated in the product_inventory database
2024-07-31 03:23:00,711 Log_ID: [7] INFO __init__.py : Product ID: (8) has been updated in the product_inventory database
2024-07-31 03:23:38,141 Log_ID: [8] INFO __init__.py : Product ID: (9) has been updated in the product_inventory database
2024-07-31 03:23:55,895 Log_ID: [9] INFO __init__.py : Product ID: (10) has been updated in the product_inventory database
2024-07-31 03:26:38,355 Log_ID: [10] INFO __init__.py : Product ID: (10) has been updated in the product_inventory database
2024-07-31 03:28:31,630 Log_ID: [11] INFO __init__.py : Product ID: (10) has been updated in the product_inventory database
2024-07-31 03:30:26,625 Log_ID: [1] INFO __init__.py : Product ID: (10) has been updated in the product_inventory database
2024-07-31 03:32:22,474 Log_ID: [1] INFO __init__.py : Product ID: (10) has been updated in the product_inventory database
2024-07-31 03:32:59,845 Log_ID: [1] INFO __init__.py : Product ID: (10) has been updated in the product_inventory database
2024-07-31 03:33:08,684 Log_ID: [2] INFO __init__.py : Product ID: (10) has been updated in the product_inventory database
2024-07-31 03:35:58,602 Log_ID: [1] INFO __init__.py : Product ID: (10) has been updated in the product_inventory database
2024-07-31 03:41:24,276 Log_ID: [1] CRITICAL __init__.py : Status: Potentially Malicious | Results {'malicious': 7, 'suspicious': 0, 'undetected': 57, 'harmless': 0, 'timeout': 0, 'confirmed-timeout': 0, 'failure': 0, 'type-unsupported': 15} | Product Image has been identified as malicious and Vaporfly has not been added to the product_inventory database
2024-07-31 03:41:26,267 Log_ID: [2] INFO __init__.py : Product ID: (10) has been updated in the product_inventory database
2024-08-01 16:07:26,465 Log_ID: [1] INFO __init__.py : Status: Safe | Results {'malicious': 0, 'suspicious': 0, 'undetected': 63, 'harmless': 0, 'timeout': 0, 'confirmed-timeout': 0, 'failure': 1, 'type-unsupported': 15} | Product Image has been added to product_inventory database
2024-08-01 16:10:11,793 Log_ID: [2] INFO __init__.py : Status: Safe | Results {'malicious': 0, 'suspicious': 0, 'undetected': 63, 'harmless': 0, 'timeout': 0, 'confirmed-timeout': 0, 'failure': 0, 'type-unsupported': 15} | Product Image has been added to product_inventory database
2024-08-01 16:10:11,797 Log_ID: [3] INFO __init__.py : Product ID: (11) has been updated in the product_inventory database
2024-08-11 15:41:19,418 Log_ID: [1] INFO __init__.py : Status: Safe | Results {'malicious': 0, 'suspicious': 0, 'undetected': 64, 'harmless': 0, 'timeout': 0, 'confirmed-timeout': 0, 'failure': 0, 'type-unsupported': 15} | Product Image has been added to product_inventory database
2024-08-11 15:46:20,335 Log_ID: [1] INFO __init__.py : Status: Safe | Results {'malicious': 0, 'suspicious': 0, 'undetected': 64, 'harmless': 0, 'timeout': 0, 'confirmed-timeout': 0, 'failure': 0, 'type-unsupported': 15} | Product Image has been added to product_inventory database
2024-08-11 15:46:20,338 Log_ID: [2] INFO __init__.py : Product ID: (12) has been created and added to product_inventory database
2024-08-11 15:55:00,456 Log_ID: [1] INFO __init__.py : Status: Safe | Results {'malicious': 0, 'suspicious': 0, 'undetected': 64, 'harmless': 0, 'timeout': 0, 'confirmed-timeout': 0, 'failure': 0, 'type-unsupported': 15} | Product Image has been added to product_inventory database
2024-08-11 15:58:43,727 Log_ID: [1] INFO __init__.py : Status: Safe | Results {'malicious': 0, 'suspicious': 0, 'undetected': 64, 'harmless': 0, 'timeout': 0, 'confirmed-timeout': 0, 'failure': 0, 'type-unsupported': 15} | Product Image has been added to product_inventory database
2024-08-11 16:03:22,729 Log_ID: [1] INFO __init__.py : Status: Safe | Results {'malicious': 0, 'suspicious': 0, 'undetected': 64, 'harmless': 0, 'timeout': 0, 'confirmed-timeout': 0, 'failure': 0, 'type-unsupported': 15} | Product ID: (13) | has been scanned and is safe and has been created and added to product_inventory database
2024-08-11 16:07:21,727 Log_ID: [1] INFO __init__.py : Status: Safe | Results {'malicious': 0, 'suspicious': 0, 'undetected': 64, 'harmless': 0, 'timeout': 0, 'confirmed-timeout': 0, 'failure': 0, 'type-unsupported': 15} | Product ID: (14) | has been scanned and is safe and has been created and added to product_inventory database
2024-08-11 16:10:35,234 Log_ID: [1] INFO __init__.py : Status: Safe | Results {'malicious': 0, 'suspicious': 0, 'undetected': 63, 'harmless': 0, 'timeout': 0, 'confirmed-timeout': 0, 'failure': 0, 'type-unsupported': 15} | Product Image has been added to product_inventory database
2024-08-11 16:10:35,235 Log_ID: [2] INFO __init__.py : Product ID: (1) has been updated in the product_inventory database
2024-08-11 16:13:15,344 Log_ID: [1] INFO __init__.py : Status: Safe | Results {'malicious': 0, 'suspicious': 0, 'undetected': 63, 'harmless': 0, 'timeout': 0, 'confirmed-timeout': 0, 'failure': 0, 'type-unsupported': 15} | Product ID: (2) | has been updated in the product_inventory database
2024-08-11 16:19:25,873 Log_ID: [1] INFO __init__.py : Product ID: (14) has been deleted from product_inventory database
2024-08-11 16:19:28,753 Log_ID: [2] INFO __init__.py : Product ID: (13) has been deleted from product_inventory database
2024-08-11 21:42:37,112 Log_ID: [1] CRITICAL __init__.py : Critical security alert! Attempt to drop database detected from IP: {ip}
2024-08-11 21:52:53,439 Log_ID: [1] CRITICAL __init__.py : Critical security alert! Attempt to drop database detected from IP: {ip}
2024-08-11 22:39:44,496 Log_ID: [1] CRITICAL __init__.py : Critical security alert! Attempt to drop database detected from IP: {ip}
2024-08-11 23:18:32,222 Log_ID: [1] INFO __init__.py : Card ID: (23) has been deleted from stripe_customer_card database
2024-08-11 23:18:34,168 Log_ID: [2] INFO __init__.py : Card ID: (22) has been deleted from stripe_customer_card database
2024-08-11 23:18:37,906 Log_ID: [3] INFO __init__.py : Card ID: (21) has been deleted from stripe_customer_card database
2024-08-12 00:00:01,421 Log_ID: [1] INFO __init__.py : Address ID: (11) has been deleted from stripe_customer_address database
2024-08-12 04:14:13,065 Log_ID: [1] INFO __init__.py : Status: Safe | Results {'malicious': 0, 'suspicious': 0, 'undetected': 64, 'harmless': 0, 'timeout': 0, 'confirmed-timeout': 0, 'failure': 0, 'type-unsupported': 15} | Product ID: (13) | has been scanned and is safe and has been created and added to product_inventory database
2024-08-12 16:59:17,960 Log_ID: [2] INFO __init__.py : Status: Safe | Results {'malicious': 0, 'suspicious': 0, 'undetected': 64, 'harmless': 0, 'timeout': 0, 'confirmed-timeout': 0, 'failure': 0, 'type-unsupported': 15} | Product ID: (11) | has been updated in the product_inventory database
2024-08-13 00:27:51,621 Log_ID: [4] INFO __init__.py : Address ID: (13) has been deleted from stripe_customer_address database
2024-08-13 00:27:56,376 Log_ID: [5] INFO __init__.py : Card ID: (18) has been deleted from stripe_customer_card database
2024-08-13 00:27:57,484 Log_ID: [6] INFO __init__.py : Card ID: (19) has been deleted from stripe_customer_card database
2024-08-13 00:27:58,479 Log_ID: [7] INFO __init__.py : Card ID: (20) has been deleted from stripe_customer_card database
2024-08-13 00:27:59,639 Log_ID: [8] INFO __init__.py : Card ID: (24) has been deleted from stripe_customer_card database
2024-08-13 00:55:12,889 Log_ID: [9] CRITICAL __init__.py : Critical security alert! Attempt to drop database detected from IP: 127.0.0.1
2024-08-13 01:08:38,669 Log_ID: [1] CRITICAL __init__.py : Status: Potentially Malicious | Results {'malicious': 7, 'suspicious': 0, 'undetected': 57, 'harmless': 0, 'timeout': 0, 'confirmed-timeout': 0, 'failure': 0, 'type-unsupported': 15} | Product Image has been identified as malicious and test6 has not been added to the product_inventory database
2024-08-13 01:12:46,425 Log_ID: [2] CRITICAL __init__.py : Status: Potentially Malicious | Results {'malicious': 7, 'suspicious': 0, 'undetected': 57, 'harmless': 0, 'timeout': 0, 'confirmed-timeout': 0, 'failure': 0, 'type-unsupported': 15} | Product Image has been identified as malicious and test8 has not been added to the product_inventory database
2024-08-13 01:16:03,605 Log_ID: [3] INFO __init__.py : Status: Safe | Results {'malicious': 0, 'suspicious': 0, 'undetected': 62, 'harmless': 0, 'timeout': 1, 'confirmed-timeout': 0, 'failure': 1, 'type-unsupported': 15} | Product ID: (14) | has been scanned and is safe and has been created and added to product_inventory database
2024-08-13 01:17:45,183 Log_ID: [4] INFO __init__.py : Product ID: (11) has been deleted from product_inventory database
2024-08-13 01:18:02,776 Log_ID: [5] INFO __init__.py : Product ID: (13) has been deleted from product_inventory database
2024-08-13 01:18:05,537 Log_ID: [6] INFO __init__.py : Product ID: (12) has been deleted from product_inventory database
2024-08-13 01:18:07,606 Log_ID: [7] INFO __init__.py : Product ID: (14) has been deleted from product_inventory database
2024-08-13 14:42:47,828 Log_ID: [2] CRITICAL __init__.py : Status: Potentially Malicious | Results {'malicious': 6, 'suspicious': 0, 'undetected': 50, 'harmless': 0, 'timeout': 8, 'confirmed-timeout': 0, 'failure': 1, 'type-unsupported': 14} | Product Image has been identified as malicious and Vaporfly has not been added to the product_inventory database
2024-08-13 14:42:50,212 Log_ID: [3] INFO __init__.py : Status: Safe | Results {'malicious': 6, 'suspicious': 0, 'undetected': 50, 'harmless': 0, 'timeout': 8, 'confirmed-timeout': 0, 'failure': 1, 'type-unsupported': 14} | Product ID: (10) | has been updated in the product_inventory database
2024-08-13 14:48:17,785 Log_ID: [1] CRITICAL __init__.py : Status: Potentially Malicious | Results {'malicious': 6, 'suspicious': 0, 'undetected': 50, 'harmless': 0, 'timeout': 8, 'confirmed-timeout': 0, 'failure': 1, 'type-unsupported': 14} | Product Image has been identified as malicious and Nike dunk high by you shoes has not been added to the product_inventory database
2024-08-13 14:49:24,032 Log_ID: [2] CRITICAL __init__.py : Critical security alert! Attempt to drop database detected from IP: 127.0.0.1
2024-08-13 14:50:30,387 Log_ID: [1] INFO __init__.py : Product ID: (10) has been deleted from product_inventory database
2024-08-13 14:52:44,093 Log_ID: [2] INFO __init__.py : Status: Safe | Results {'malicious': 0, 'suspicious': 0, 'undetected': 64, 'harmless': 0, 'timeout': 0, 'confirmed-timeout': 0, 'failure': 0, 'type-unsupported': 15} | Product ID: (10) | has been scanned and is safe and has been created and added to product_inventory database
2024-08-13 14:57:04,714 Log_ID: [1] CRITICAL __init__.py : Critical security alert! Attempt to drop database detected from IP: 127.0.0.1
2024-08-13 14:59:15,925 Log_ID: [1] INFO __init__.py : Status: Safe | Results {'malicious': 0, 'suspicious': 0, 'undetected': 63, 'harmless': 0, 'timeout': 0, 'confirmed-timeout': 0, 'failure': 1, 'type-unsupported': 15} | Product ID: (1) | has been updated in the product_inventory database
2024-08-13 15:35:59,786 Log_ID: [3] CRITICAL __init__.py : Status: Potentially Malicious | Results {'malicious': 7, 'suspicious': 0, 'undetected': 57, 'harmless': 0, 'timeout': 0, 'confirmed-timeout': 0, 'failure': 0, 'type-unsupported': 15} | Product Image has been identified as malicious and test4 has not been added to the product_inventory database
2024-08-13 16:49:43,500 Log_ID: [10] CRITICAL __init__.py : Status: Potentially Malicious | Results {'malicious': 7, 'suspicious': 0, 'undetected': 54, 'harmless': 0, 'timeout': 3, 'confirmed-timeout': 0, 'failure': 0, 'type-unsupported': 15} | Product Image has been identified as malicious and test5 has not been added to the product_inventory database
2024-08-13 16:50:52,724 Log_ID: [11] CRITICAL __init__.py : Status: Potentially Malicious | Results {'malicious': 7, 'suspicious': 0, 'undetected': 54, 'harmless': 0, 'timeout': 3, 'confirmed-timeout': 0, 'failure': 0, 'type-unsupported': 15} | Product Image has been identified as malicious and test5 has not been added to the product_inventory database
2024-08-13 16:51:27,833 Log_ID: [12] CRITICAL __init__.py : Critical security alert! Attempt to drop database detected from IP: 127.0.0.1
2024-08-16 06:53:52,209 Log_ID: [10] INFO __init__.py : Product ID: (9) has been deleted from product_inventory database
2024-08-16 06:54:19,733 Log_ID: [11] CRITICAL __init__.py : Critical security alert! Attempt to drop database detected from IP: 127.0.0.1
2024-08-16 06:56:33,437 Log_ID: [1] CRITICAL __init__.py : Status: Potentially Malicious | Results {'malicious': 7, 'suspicious': 0, 'undetected': 57, 'harmless': 0, 'timeout': 0, 'confirmed-timeout': 0, 'failure': 0, 'type-unsupported': 15} | Product Image has been identified as malicious and test6 has not been added to the product_inventory database
2024-08-16 06:59:51,515 Log_ID: [2] CRITICAL __init__.py : Status: Potentially Malicious | Results {'malicious': 7, 'suspicious': 0, 'undetected': 57, 'harmless': 0, 'timeout': 0, 'confirmed-timeout': 0, 'failure': 0, 'type-unsupported': 15} | Product Image has been identified as malicious and test6 has not been added to the product_inventory database
2024-08-16 09:00:37,573 Log_ID: [3] CRITICAL __init__.py : Critical security alert! Attempt to drop database detected from IP: 127.0.0.1
2024-08-16 11:36:00,161 Log_ID: [10] CRITICAL __init__.py : Status: Potentially Malicious | Results {'malicious': 6, 'suspicious': 0, 'undetected': 55, 'harmless': 0, 'timeout': 2, 'confirmed-timeout': 0, 'failure': 1, 'type-unsupported': 15} | Product Image has been identified as malicious and test6 has not been added to the product_inventory database
2024-08-16 11:37:20,508 Log_ID: [12] CRITICAL __init__.py : Status: Potentially Malicious | Results {'malicious': 6, 'suspicious': 0, 'undetected': 55, 'harmless': 0, 'timeout': 2, 'confirmed-timeout': 0, 'failure': 1, 'type-unsupported': 15} | Product Image has been identified as malicious and test6 has not been added to the product_inventory database
2024-08-16 11:37:53,127 Log_ID: [13] CRITICAL __init__.py : Critical security alert! Attempt to drop database detected from IP: 127.0.0.1
2024-12-31 16:51:40,927 Log_ID: [1] INFO __init__.py : Status: Safe | Results {'malicious': 0, 'suspicious': 0, 'undetected': 60, 'harmless': 0, 'timeout': 0, 'confirmed-timeout': 0, 'failure': 0, 'type-unsupported': 16} | Product ID: (9) | has been scanned and is safe and has been created and added to product_inventory database
2024-12-31 16:51:49,825 Log_ID: [2] INFO __init__.py : Product ID: (9) has been deleted from product_inventory database
2024-12-31 16:54:30,588 Log_ID: [1] INFO __init__.py : Status: Safe | Results {'malicious': 0, 'suspicious': 0, 'undetected': 60, 'harmless': 0, 'timeout': 0, 'confirmed-timeout': 0, 'failure': 0, 'type-unsupported': 16} | Product ID: (9) | has been scanned and is safe and has been created and added to product_inventory database
